<?xml version="1.0" encoding="UTF-8"?>
<!-- Generated by org.testng.reporters.JUnitXMLReporter -->
<testsuite hostname="LAPTOP-OOBODLRB" ignored="0" name="Default test" tests="2" failures="0" timestamp="2024-02-14T11:50:42 IST" time="51.743" errors="0">
  <testcase name="runScenario" time="23.453" classname="io.cucumber.testng.AbstractTestNGCucumberTests"/>
  <testcase name="runScenario" time="25.032" classname="io.cucumber.testng.AbstractTestNGCucumberTests"/>
</testsuite> <!-- Default test -->
