<?xml version="1.0" encoding="UTF-8"?>
<testng-results ignored="0" total="2" passed="2" failed="0" skipped="0">
  <reporter-output>
  </reporter-output>
  <suite started-at="2021-11-24T15:18:15 IST" name="Suite" finished-at="2021-11-24T15:18:47 IST" duration-ms="31970">
    <groups>
      <group name="cucumber">
        <method signature="AbstractTestNGCucumberTests.runScenario(io.cucumber.testng.PickleWrapper,io.cucumber.testng.FeatureWrapper)[pri:0, instance:prac.mda.runnners_BDD.CucumberTestNGRunner@1f9e9475]" name="runScenario" class="io.cucumber.testng.AbstractTestNGCucumberTests"/>
      </group> <!-- cucumber -->
    </groups>
    <test started-at="2021-11-24T15:18:15 IST" name="Test" finished-at="2021-11-24T15:18:47 IST" duration-ms="31970">
      <class name="prac.mda.runnners_BDD.CucumberTestNGRunner">
        <test-method is-config="true" signature="setUpClass(org.testng.ITestContext)[pri:0, instance:prac.mda.runnners_BDD.CucumberTestNGRunner@1f9e9475]" started-at="2021-11-24T15:18:15 IST" name="setUpClass" finished-at="2021-11-24T15:18:16 IST" duration-ms="455" status="PASS">
          <params>
            <param index="0">
              <value>
                <![CDATA[org.testng.TestRunner@5d2828c9]]>
              </value>
            </param>
          </params>
          <reporter-output>
          </reporter-output>
        </test-method> <!-- setUpClass -->
        <test-method signature="runScenario(io.cucumber.testng.PickleWrapper,io.cucumber.testng.FeatureWrapper)[pri:0, instance:prac.mda.runnners_BDD.CucumberTestNGRunner@1f9e9475]" started-at="2021-11-24T15:18:16 IST" name="runScenario" description="Runs Cucumber Scenarios" data-provider="scenarios" finished-at="2021-11-24T15:18:31 IST" duration-ms="15667" status="PASS">
          <params>
            <param index="0">
              <value>
                <![CDATA["In order to verify the login to Naukri as given user"]]>
              </value>
            </param>
            <param index="1">
              <value>
                <![CDATA["Optional[Login]"]]>
              </value>
            </param>
          </params>
          <reporter-output>
          </reporter-output>
        </test-method> <!-- runScenario -->
        <test-method signature="runScenario(io.cucumber.testng.PickleWrapper,io.cucumber.testng.FeatureWrapper)[pri:0, instance:prac.mda.runnners_BDD.CucumberTestNGRunner@1f9e9475]" started-at="2021-11-24T15:18:31 IST" name="runScenario" description="Runs Cucumber Scenarios" data-provider="scenarios" finished-at="2021-11-24T15:18:47 IST" duration-ms="15775" status="PASS">
          <params>
            <param index="0">
              <value>
                <![CDATA["In order to verify the login to Naukri as given user"]]>
              </value>
            </param>
            <param index="1">
              <value>
                <![CDATA["Optional[Login]"]]>
              </value>
            </param>
          </params>
          <reporter-output>
          </reporter-output>
        </test-method> <!-- runScenario -->
        <test-method is-config="true" signature="tearDownClass()[pri:0, instance:prac.mda.runnners_BDD.CucumberTestNGRunner@1f9e9475]" started-at="2021-11-24T15:18:47 IST" name="tearDownClass" finished-at="2021-11-24T15:18:47 IST" duration-ms="15" status="PASS">
          <reporter-output>
          </reporter-output>
        </test-method> <!-- tearDownClass -->
      </class> <!-- prac.mda.runnners_BDD.CucumberTestNGRunner -->
    </test> <!-- Test -->
  </suite> <!-- Suite -->
</testng-results>
