<?xml version="1.0" encoding="UTF-8"?>
<testng-results skipped="0" failed="0" ignored="0" total="2" passed="2">
  <reporter-output>
  </reporter-output>
  <suite name="Suite" duration-ms="77835" started-at="2024-07-14T17:41:46 IST" finished-at="2024-07-14T17:43:04 IST">
    <groups>
      <group name="cucumber">
        <method signature="AbstractTestNGCucumberTests.runScenario(io.cucumber.testng.PickleWrapper,io.cucumber.testng.FeatureWrapper)[pri:0, instance:prac.mda.runnners_BDD.CucumberTestNGRunner@4ba2ca36]" name="runScenario" class="io.cucumber.testng.AbstractTestNGCucumberTests"/>
      </group> <!-- cucumber -->
    </groups>
    <test name="Test" duration-ms="77835" started-at="2024-07-14T17:41:46 IST" finished-at="2024-07-14T17:43:04 IST">
      <class name="prac.mda.runnners_BDD.CucumberTestNGRunner">
        <test-method status="PASS" signature="setUpClass(org.testng.ITestContext)[pri:0, instance:prac.mda.runnners_BDD.CucumberTestNGRunner@4ba2ca36]" name="setUpClass" is-config="true" duration-ms="3886" started-at="2024-07-14T17:41:46 IST" finished-at="2024-07-14T17:41:50 IST">
          <params>
            <param index="0">
              <value>
                <![CDATA[org.testng.TestRunner@4a2e7bcb]]>
              </value>
            </param>
          </params>
          <reporter-output>
          </reporter-output>
        </test-method> <!-- setUpClass -->
        <test-method status="PASS" signature="runScenario(io.cucumber.testng.PickleWrapper,io.cucumber.testng.FeatureWrapper)[pri:0, instance:prac.mda.runnners_BDD.CucumberTestNGRunner@4ba2ca36]" name="runScenario" duration-ms="50939" started-at="2024-07-14T17:41:50 IST" description="Runs Cucumber Scenarios" data-provider="scenarios" finished-at="2024-07-14T17:42:41 IST">
          <params>
            <param index="0">
              <value>
                <![CDATA["In order to verify the login to Naukri as given user"]]>
              </value>
            </param>
            <param index="1">
              <value>
                <![CDATA["Optional[Login]"]]>
              </value>
            </param>
          </params>
          <reporter-output>
          </reporter-output>
        </test-method> <!-- runScenario -->
        <test-method status="PASS" signature="runScenario(io.cucumber.testng.PickleWrapper,io.cucumber.testng.FeatureWrapper)[pri:0, instance:prac.mda.runnners_BDD.CucumberTestNGRunner@4ba2ca36]" name="runScenario" duration-ms="19921" started-at="2024-07-14T17:42:41 IST" description="Runs Cucumber Scenarios" data-provider="scenarios" finished-at="2024-07-14T17:43:01 IST">
          <params>
            <param index="0">
              <value>
                <![CDATA["In order to verify the login to Naukri as given user"]]>
              </value>
            </param>
            <param index="1">
              <value>
                <![CDATA["Optional[Login]"]]>
              </value>
            </param>
          </params>
          <reporter-output>
          </reporter-output>
        </test-method> <!-- runScenario -->
        <test-method status="PASS" signature="tearDownClass()[pri:0, instance:prac.mda.runnners_BDD.CucumberTestNGRunner@4ba2ca36]" name="tearDownClass" is-config="true" duration-ms="2954" started-at="2024-07-14T17:43:01 IST" finished-at="2024-07-14T17:43:04 IST">
          <reporter-output>
          </reporter-output>
        </test-method> <!-- tearDownClass -->
      </class> <!-- prac.mda.runnners_BDD.CucumberTestNGRunner -->
    </test> <!-- Test -->
  </suite> <!-- Suite -->
</testng-results>
